This is a generated file for the l3build validation system.
Don't change this file in any respect.
============================================================
TEST: No errors nor checks
============================================================
============================================================
============================================================
TEST: Count expl3 errors
============================================================
! Package test Error: This is a test message.
 ...
l. ...}
[test] 1 error(s)
============================================================
============================================================
TEST: Count expl3 expandable errors
============================================================
! Use of \??? doesn't match its definition.
<argument> \???  
                 ! Package test Error: This is a test message.
l. ...}
[test] 1 error(s)
============================================================
============================================================
TEST: Count latex2e errors
============================================================
! Package test Error: error text.
 ...
l. ...}
[test] 1 error(s)
============================================================
============================================================
TEST: Count errors raised in deeper groups
============================================================
! Package test Error: This is a test message.
 ...
l. ...}
! Package test Error: error text.
 ...
l. ...}
[test] 2 error(s)
============================================================
============================================================
TEST: Not counted: expandable errors raised in deeper groups
============================================================
! Use of \??? doesn't match its definition.
<argument> \???  
                 ! Package test Error: This is a test message.
l. ...}
============================================================
============================================================
TEST: Count expandable errors between tests
============================================================
[test] 1 expandable errors raised between tests.
BODY
============================================================
============================================================
TEST: Count checks
============================================================
[test] 1 check(s)
============================================================
PASSED
============================================================
TEST: Not counted: checks used in deeper groups
============================================================
! Use of \??? doesn't match its definition.
<argument> \???  
                 ! Package zutil/test Error: PASSED
l. ...}
============================================================
============================================================
TEST: Errors and checks in a deeper-group test
============================================================
! Package test Error: This is a test message.
 ...
l. ...  }
! Use of \??? doesn't match its definition.
<argument> \???  
                 ! Package test Error: This is a test message.
l. ...  }
! Package test Error: error text.
 ...
l. ...  }
[test] 3 error(s)
[test] 1 check(s)
============================================================
============================================================
TEST: Check group level at end of test
============================================================
[test] GROUP-LEVEL: 1
[test] GROUP-LEVEL: 2
[test] Bad group level: 2! Expected 1.
============================================================
***************
[test] 9 error(s)
[test] 2 check(s)
